TPOSE SEQ NOF2 C:\Users\salam\AppData\Local\Temp\RtmpI12z60\cspade242859a738e.data 0.001000 1460 2 1 F1stats = [ 55 0 0 0.001103 ] 0.001837 0.000756 0.005567
CONF 1460 60 4.92738 3.82945
MINSUPPORT 2 1460
MINMAX 1 1460
1 SUPP 146
3 SUPP 80
4 SUPP 394
5 SUPP 250
6 SUPP 277
7 SUPP 200
9 SUPP 18
10 SUPP 416
11 SUPP 814
12 SUPP 190
13 SUPP 818
14 SUPP 2
15 SUPP 3
16 SUPP 12
17 SUPP 161
18 SUPP 708
19 SUPP 12
20 SUPP 2
21 SUPP 3
22 SUPP 4
23 SUPP 594
24 SUPP 2
25 SUPP 481
26 SUPP 36
27 SUPP 291
28 SUPP 452
29 SUPP 547
30 SUPP 618
31 SUPP 365
32 SUPP 610
33 SUPP 90
34 SUPP 27
35 SUPP 160
36 SUPP 268
37 SUPP 614
38 SUPP 155
39 SUPP 57
40 SUPP 797
41 SUPP 20
42 SUPP 864
43 SUPP 40
44 SUPP 1290
45 SUPP 58
46 SUPP 4
47 SUPP 632
48 SUPP 313
49 SUPP 46
50 SUPP 83
51 SUPP 174
52 SUPP 562
54 SUPP 165
55 SUPP 446
57 SUPP 2
58 SUPP 175
59 SUPP 427
numfreq 55 :  0.00110316 SUMSUP SUMDIFF = 0 0
EXTRARYSZ 179330
OPENED C:\Users\salam\AppData\Local\Temp\RtmpI12z60\cspade242859a738e.idx
OFF 60 55090
Wrote Offt 0.000756025
BOUNDS 1 1461
WROTE INVERT 0.00183702
Total elapsed time 0.00556707
